<?xml version="1.0" encoding="UTF-8"?>
<testsuite xmlns:xsi="http://www.w3.org/2001/XMLSchema-instance" xsi:noNamespaceSchemaLocation="https://maven.apache.org/surefire/maven-surefire-plugin/xsd/surefire-test-report.xsd" name="com.example.pactconsumer.ZooApiClientTest" time="2.414" tests="1" errors="0" skipped="0" failures="0">
  <properties>
    <property name="awt.toolkit" value="sun.lwawt.macosx.LWCToolkit"/>
    <property name="java.specification.version" value="12"/>
    <property name="sun.jnu.encoding" value="UTF-8"/>
    <property name="java.class.path" value="/Users/aevers/repos/pact-demo-1/pact-consumer/target/test-classes:/Users/aevers/repos/pact-demo-1/pact-consumer/target/classes:/Users/aevers/.m2/repository/org/springframework/boot/spring-boot-starter/2.5.2/spring-boot-starter-2.5.2.jar:/Users/aevers/.m2/repository/org/springframework/boot/spring-boot/2.5.2/spring-boot-2.5.2.jar:/Users/aevers/.m2/repository/org/springframework/spring-context/5.3.8/spring-context-5.3.8.jar:/Users/aevers/.m2/repository/org/springframework/boot/spring-boot-autoconfigure/2.5.2/spring-boot-autoconfigure-2.5.2.jar:/Users/aevers/.m2/repository/org/springframework/boot/spring-boot-starter-logging/2.5.2/spring-boot-starter-logging-2.5.2.jar:/Users/aevers/.m2/repository/ch/qos/logback/logback-classic/1.2.3/logback-classic-1.2.3.jar:/Users/aevers/.m2/repository/ch/qos/logback/logback-core/1.2.3/logback-core-1.2.3.jar:/Users/aevers/.m2/repository/org/apache/logging/log4j/log4j-to-slf4j/2.14.1/log4j-to-slf4j-2.14.1.jar:/Users/aevers/.m2/repository/org/apache/logging/log4j/log4j-api/2.14.1/log4j-api-2.14.1.jar:/Users/aevers/.m2/repository/org/slf4j/jul-to-slf4j/1.7.31/jul-to-slf4j-1.7.31.jar:/Users/aevers/.m2/repository/jakarta/annotation/jakarta.annotation-api/1.3.5/jakarta.annotation-api-1.3.5.jar:/Users/aevers/.m2/repository/org/springframework/spring-core/5.3.8/spring-core-5.3.8.jar:/Users/aevers/.m2/repository/org/springframework/spring-jcl/5.3.8/spring-jcl-5.3.8.jar:/Users/aevers/.m2/repository/org/yaml/snakeyaml/1.28/snakeyaml-1.28.jar:/Users/aevers/.m2/repository/org/springframework/boot/spring-boot-starter-web/2.5.2/spring-boot-starter-web-2.5.2.jar:/Users/aevers/.m2/repository/org/springframework/boot/spring-boot-starter-json/2.5.2/spring-boot-starter-json-2.5.2.jar:/Users/aevers/.m2/repository/com/fasterxml/jackson/core/jackson-databind/2.12.3/jackson-databind-2.12.3.jar:/Users/aevers/.m2/repository/com/fasterxml/jackson/core/jackson-annotations/2.12.3/jackson-annotations-2.12.3.jar:/Users/aevers/.m2/repository/com/fasterxml/jackson/core/jackson-core/2.12.3/jackson-core-2.12.3.jar:/Users/aevers/.m2/repository/com/fasterxml/jackson/datatype/jackson-datatype-jdk8/2.12.3/jackson-datatype-jdk8-2.12.3.jar:/Users/aevers/.m2/repository/com/fasterxml/jackson/datatype/jackson-datatype-jsr310/2.12.3/jackson-datatype-jsr310-2.12.3.jar:/Users/aevers/.m2/repository/com/fasterxml/jackson/module/jackson-module-parameter-names/2.12.3/jackson-module-parameter-names-2.12.3.jar:/Users/aevers/.m2/repository/org/springframework/boot/spring-boot-starter-tomcat/2.5.2/spring-boot-starter-tomcat-2.5.2.jar:/Users/aevers/.m2/repository/org/apache/tomcat/embed/tomcat-embed-core/9.0.48/tomcat-embed-core-9.0.48.jar:/Users/aevers/.m2/repository/org/apache/tomcat/embed/tomcat-embed-el/9.0.48/tomcat-embed-el-9.0.48.jar:/Users/aevers/.m2/repository/org/apache/tomcat/embed/tomcat-embed-websocket/9.0.48/tomcat-embed-websocket-9.0.48.jar:/Users/aevers/.m2/repository/org/springframework/spring-web/5.3.8/spring-web-5.3.8.jar:/Users/aevers/.m2/repository/org/springframework/spring-beans/5.3.8/spring-beans-5.3.8.jar:/Users/aevers/.m2/repository/org/springframework/spring-webmvc/5.3.8/spring-webmvc-5.3.8.jar:/Users/aevers/.m2/repository/org/springframework/spring-aop/5.3.8/spring-aop-5.3.8.jar:/Users/aevers/.m2/repository/org/springframework/spring-expression/5.3.8/spring-expression-5.3.8.jar:/Users/aevers/.m2/repository/org/projectlombok/lombok/1.18.20/lombok-1.18.20.jar:/Users/aevers/.m2/repository/org/springframework/boot/spring-boot-starter-test/2.5.2/spring-boot-starter-test-2.5.2.jar:/Users/aevers/.m2/repository/org/springframework/boot/spring-boot-test/2.5.2/spring-boot-test-2.5.2.jar:/Users/aevers/.m2/repository/org/springframework/boot/spring-boot-test-autoconfigure/2.5.2/spring-boot-test-autoconfigure-2.5.2.jar:/Users/aevers/.m2/repository/com/jayway/jsonpath/json-path/2.5.0/json-path-2.5.0.jar:/Users/aevers/.m2/repository/net/minidev/json-smart/2.4.7/json-smart-2.4.7.jar:/Users/aevers/.m2/repository/net/minidev/accessors-smart/2.4.7/accessors-smart-2.4.7.jar:/Users/aevers/.m2/repository/org/ow2/asm/asm/9.1/asm-9.1.jar:/Users/aevers/.m2/repository/jakarta/xml/bind/jakarta.xml.bind-api/2.3.3/jakarta.xml.bind-api-2.3.3.jar:/Users/aevers/.m2/repository/jakarta/activation/jakarta.activation-api/1.2.2/jakarta.activation-api-1.2.2.jar:/Users/aevers/.m2/repository/org/assertj/assertj-core/3.19.0/assertj-core-3.19.0.jar:/Users/aevers/.m2/repository/org/hamcrest/hamcrest/2.2/hamcrest-2.2.jar:/Users/aevers/.m2/repository/org/junit/jupiter/junit-jupiter/5.7.2/junit-jupiter-5.7.2.jar:/Users/aevers/.m2/repository/org/junit/jupiter/junit-jupiter-api/5.7.2/junit-jupiter-api-5.7.2.jar:/Users/aevers/.m2/repository/org/junit/jupiter/junit-jupiter-params/5.7.2/junit-jupiter-params-5.7.2.jar:/Users/aevers/.m2/repository/org/junit/jupiter/junit-jupiter-engine/5.7.2/junit-jupiter-engine-5.7.2.jar:/Users/aevers/.m2/repository/org/mockito/mockito-core/3.9.0/mockito-core-3.9.0.jar:/Users/aevers/.m2/repository/net/bytebuddy/byte-buddy/1.10.22/byte-buddy-1.10.22.jar:/Users/aevers/.m2/repository/net/bytebuddy/byte-buddy-agent/1.10.22/byte-buddy-agent-1.10.22.jar:/Users/aevers/.m2/repository/org/objenesis/objenesis/3.2/objenesis-3.2.jar:/Users/aevers/.m2/repository/org/mockito/mockito-junit-jupiter/3.9.0/mockito-junit-jupiter-3.9.0.jar:/Users/aevers/.m2/repository/org/skyscreamer/jsonassert/1.5.0/jsonassert-1.5.0.jar:/Users/aevers/.m2/repository/com/vaadin/external/google/android-json/0.0.20131108.vaadin1/android-json-0.0.20131108.vaadin1.jar:/Users/aevers/.m2/repository/org/springframework/spring-test/5.3.8/spring-test-5.3.8.jar:/Users/aevers/.m2/repository/org/xmlunit/xmlunit-core/2.8.2/xmlunit-core-2.8.2.jar:/Users/aevers/.m2/repository/au/com/dius/pact-jvm-consumer-junit_2.12/3.5.22/pact-jvm-consumer-junit_2.12-3.5.22.jar:/Users/aevers/.m2/repository/org/jetbrains/kotlin/kotlin-stdlib-jdk8/1.5.20/kotlin-stdlib-jdk8-1.5.20.jar:/Users/aevers/.m2/repository/org/jetbrains/kotlin/kotlin-stdlib/1.5.20/kotlin-stdlib-1.5.20.jar:/Users/aevers/.m2/repository/org/jetbrains/annotations/13.0/annotations-13.0.jar:/Users/aevers/.m2/repository/org/jetbrains/kotlin/kotlin-stdlib-common/1.5.20/kotlin-stdlib-common-1.5.20.jar:/Users/aevers/.m2/repository/org/jetbrains/kotlin/kotlin-stdlib-jdk7/1.5.20/kotlin-stdlib-jdk7-1.5.20.jar:/Users/aevers/.m2/repository/org/jetbrains/kotlin/kotlin-reflect/1.5.20/kotlin-reflect-1.5.20.jar:/Users/aevers/.m2/repository/org/slf4j/slf4j-api/1.7.31/slf4j-api-1.7.31.jar:/Users/aevers/.m2/repository/org/codehaus/groovy/groovy-all/2.4.12/groovy-all-2.4.12-indy.jar:/Users/aevers/.m2/repository/io/github/microutils/kotlin-logging/1.4.4/kotlin-logging-1.4.4.jar:/Users/aevers/.m2/repository/org/scala-lang/scala-library/2.12.5/scala-library-2.12.5.jar:/Users/aevers/.m2/repository/com/typesafe/scala-logging/scala-logging_2.12/3.7.2/scala-logging_2.12-3.7.2.jar:/Users/aevers/.m2/repository/au/com/dius/pact-jvm-consumer_2.12/3.5.22/pact-jvm-consumer_2.12-3.5.22.jar:/Users/aevers/.m2/repository/au/com/dius/pact-jvm-model/3.5.22/pact-jvm-model-3.5.22.jar:/Users/aevers/.m2/repository/au/com/dius/pact-jvm-pact-broker/3.5.22/pact-jvm-pact-broker-3.5.22.jar:/Users/aevers/.m2/repository/com/github/salomonbrys/kotson/kotson/2.5.0/kotson-2.5.0.jar:/Users/aevers/.m2/repository/com/google/code/gson/gson/2.8.7/gson-2.8.7.jar:/Users/aevers/.m2/repository/org/dmfs/rfc3986-uri/0.8/rfc3986-uri-0.8.jar:/Users/aevers/.m2/repository/org/dmfs/iterators/1.5/iterators-1.5.jar:/Users/aevers/.m2/repository/org/dmfs/optional/0.3/optional-0.3.jar:/Users/aevers/.m2/repository/com/github/zafarkhaja/java-semver/0.9.0/java-semver-0.9.0.jar:/Users/aevers/.m2/repository/com/amazonaws/aws-java-sdk-s3/1.11.30/aws-java-sdk-s3-1.11.30.jar:/Users/aevers/.m2/repository/com/amazonaws/aws-java-sdk-kms/1.11.30/aws-java-sdk-kms-1.11.30.jar:/Users/aevers/.m2/repository/com/amazonaws/aws-java-sdk-core/1.11.30/aws-java-sdk-core-1.11.30.jar:/Users/aevers/.m2/repository/com/fasterxml/jackson/dataformat/jackson-dataformat-cbor/2.12.3/jackson-dataformat-cbor-2.12.3.jar:/Users/aevers/.m2/repository/joda-time/joda-time/2.8.1/joda-time-2.8.1.jar:/Users/aevers/.m2/repository/com/amazonaws/jmespath-java/1.0/jmespath-java-1.0.jar:/Users/aevers/.m2/repository/org/apache/commons/commons-collections4/4.1/commons-collections4-4.1.jar:/Users/aevers/.m2/repository/com/github/mifmif/generex/1.0.1/generex-1.0.1.jar:/Users/aevers/.m2/repository/javax/mail/mail/1.5.0-b01/mail-1.5.0-b01.jar:/Users/aevers/.m2/repository/javax/activation/activation/1.1/activation-1.1.jar:/Users/aevers/.m2/repository/au/com/dius/pact-jvm-matchers_2.12/3.5.22/pact-jvm-matchers_2.12-3.5.22.jar:/Users/aevers/.m2/repository/io/gatling/jsonpath_2.12/0.6.9/jsonpath_2.12-0.6.9.jar:/Users/aevers/.m2/repository/org/scala-lang/modules/scala-parser-combinators_2.12/1.0.5/scala-parser-combinators_2.12-1.0.5.jar:/Users/aevers/.m2/repository/org/scala-lang/modules/scala-xml_2.12/1.0.6/scala-xml_2.12-1.0.6.jar:/Users/aevers/.m2/repository/com/googlecode/java-diff-utils/diffutils/1.3.0/diffutils-1.3.0.jar:/Users/aevers/.m2/repository/dk/brics/automaton/automaton/1.11-8/automaton-1.11-8.jar:/Users/aevers/.m2/repository/org/apache/httpcomponents/httpclient/4.5.13/httpclient-4.5.13.jar:/Users/aevers/.m2/repository/org/apache/httpcomponents/httpcore/4.4.14/httpcore-4.4.14.jar:/Users/aevers/.m2/repository/commons-codec/commons-codec/1.15/commons-codec-1.15.jar:/Users/aevers/.m2/repository/io/netty/netty-handler/4.1.65.Final/netty-handler-4.1.65.Final.jar:/Users/aevers/.m2/repository/io/netty/netty-common/4.1.65.Final/netty-common-4.1.65.Final.jar:/Users/aevers/.m2/repository/io/netty/netty-resolver/4.1.65.Final/netty-resolver-4.1.65.Final.jar:/Users/aevers/.m2/repository/io/netty/netty-buffer/4.1.65.Final/netty-buffer-4.1.65.Final.jar:/Users/aevers/.m2/repository/io/netty/netty-transport/4.1.65.Final/netty-transport-4.1.65.Final.jar:/Users/aevers/.m2/repository/io/netty/netty-codec/4.1.65.Final/netty-codec-4.1.65.Final.jar:/Users/aevers/.m2/repository/org/apache/httpcomponents/httpmime/4.5.13/httpmime-4.5.13.jar:/Users/aevers/.m2/repository/ws/unfiltered/unfiltered-netty-server_2.12/0.9.1/unfiltered-netty-server_2.12-0.9.1.jar:/Users/aevers/.m2/repository/ws/unfiltered/unfiltered-netty_2.12/0.9.1/unfiltered-netty_2.12-0.9.1.jar:/Users/aevers/.m2/repository/ws/unfiltered/unfiltered_2.12/0.9.1/unfiltered_2.12-0.9.1.jar:/Users/aevers/.m2/repository/io/netty/netty-codec-http/4.1.65.Final/netty-codec-http-4.1.65.Final.jar:/Users/aevers/.m2/repository/ws/unfiltered/unfiltered-util_2.12/0.9.1/unfiltered-util_2.12-0.9.1.jar:/Users/aevers/.m2/repository/org/apache/httpcomponents/fluent-hc/4.5.13/fluent-hc-4.5.13.jar:/Users/aevers/.m2/repository/commons-logging/commons-logging/1.2/commons-logging-1.2.jar:/Users/aevers/.m2/repository/org/scala-lang/modules/scala-java8-compat_2.12/0.8.0/scala-java8-compat_2.12-0.8.0.jar:/Users/aevers/.m2/repository/junit/junit/4.13.2/junit-4.13.2.jar:/Users/aevers/.m2/repository/org/hamcrest/hamcrest-core/2.2/hamcrest-core-2.2.jar:/Users/aevers/.m2/repository/org/json/json/20160212/json-20160212.jar:/Users/aevers/.m2/repository/org/apache/commons/commons-lang3/3.12.0/commons-lang3-3.12.0.jar:/Users/aevers/.m2/repository/com/google/guava/guava/18.0/guava-18.0.jar:/Users/aevers/.m2/repository/org/junit/vintage/junit-vintage-engine/5.7.2/junit-vintage-engine-5.7.2.jar:/Users/aevers/.m2/repository/org/apiguardian/apiguardian-api/1.1.0/apiguardian-api-1.1.0.jar:/Users/aevers/.m2/repository/org/junit/platform/junit-platform-engine/1.7.2/junit-platform-engine-1.7.2.jar:/Users/aevers/.m2/repository/org/opentest4j/opentest4j/1.2.0/opentest4j-1.2.0.jar:/Users/aevers/.m2/repository/org/junit/platform/junit-platform-commons/1.7.2/junit-platform-commons-1.7.2.jar:"/>
    <property name="java.vm.vendor" value="Oracle Corporation"/>
    <property name="sun.arch.data.model" value="64"/>
    <property name="java.vendor.url" value="https://java.oracle.com/"/>
    <property name="os.name" value="Mac OS X"/>
    <property name="java.vm.specification.version" value="12"/>
    <property name="sun.java.launcher" value="SUN_STANDARD"/>
    <property name="user.country" value="GB"/>
    <property name="sun.boot.library.path" value="/Library/Java/JavaVirtualMachines/openjdk-12.0.1.jdk/Contents/Home/lib"/>
    <property name="sun.java.command" value="/Users/aevers/repos/pact-demo-1/pact-consumer/target/surefire/surefirebooter4124551947300213836.jar /Users/aevers/repos/pact-demo-1/pact-consumer/target/surefire 2021-07-12T16-10-46_312-jvmRun1 surefire15882626897774957153tmp surefire_012660774547823162692tmp"/>
    <property name="jdk.debug" value="release"/>
    <property name="surefire.test.class.path" value="/Users/aevers/repos/pact-demo-1/pact-consumer/target/test-classes:/Users/aevers/repos/pact-demo-1/pact-consumer/target/classes:/Users/aevers/.m2/repository/org/springframework/boot/spring-boot-starter/2.5.2/spring-boot-starter-2.5.2.jar:/Users/aevers/.m2/repository/org/springframework/boot/spring-boot/2.5.2/spring-boot-2.5.2.jar:/Users/aevers/.m2/repository/org/springframework/spring-context/5.3.8/spring-context-5.3.8.jar:/Users/aevers/.m2/repository/org/springframework/boot/spring-boot-autoconfigure/2.5.2/spring-boot-autoconfigure-2.5.2.jar:/Users/aevers/.m2/repository/org/springframework/boot/spring-boot-starter-logging/2.5.2/spring-boot-starter-logging-2.5.2.jar:/Users/aevers/.m2/repository/ch/qos/logback/logback-classic/1.2.3/logback-classic-1.2.3.jar:/Users/aevers/.m2/repository/ch/qos/logback/logback-core/1.2.3/logback-core-1.2.3.jar:/Users/aevers/.m2/repository/org/apache/logging/log4j/log4j-to-slf4j/2.14.1/log4j-to-slf4j-2.14.1.jar:/Users/aevers/.m2/repository/org/apache/logging/log4j/log4j-api/2.14.1/log4j-api-2.14.1.jar:/Users/aevers/.m2/repository/org/slf4j/jul-to-slf4j/1.7.31/jul-to-slf4j-1.7.31.jar:/Users/aevers/.m2/repository/jakarta/annotation/jakarta.annotation-api/1.3.5/jakarta.annotation-api-1.3.5.jar:/Users/aevers/.m2/repository/org/springframework/spring-core/5.3.8/spring-core-5.3.8.jar:/Users/aevers/.m2/repository/org/springframework/spring-jcl/5.3.8/spring-jcl-5.3.8.jar:/Users/aevers/.m2/repository/org/yaml/snakeyaml/1.28/snakeyaml-1.28.jar:/Users/aevers/.m2/repository/org/springframework/boot/spring-boot-starter-web/2.5.2/spring-boot-starter-web-2.5.2.jar:/Users/aevers/.m2/repository/org/springframework/boot/spring-boot-starter-json/2.5.2/spring-boot-starter-json-2.5.2.jar:/Users/aevers/.m2/repository/com/fasterxml/jackson/core/jackson-databind/2.12.3/jackson-databind-2.12.3.jar:/Users/aevers/.m2/repository/com/fasterxml/jackson/core/jackson-annotations/2.12.3/jackson-annotations-2.12.3.jar:/Users/aevers/.m2/repository/com/fasterxml/jackson/core/jackson-core/2.12.3/jackson-core-2.12.3.jar:/Users/aevers/.m2/repository/com/fasterxml/jackson/datatype/jackson-datatype-jdk8/2.12.3/jackson-datatype-jdk8-2.12.3.jar:/Users/aevers/.m2/repository/com/fasterxml/jackson/datatype/jackson-datatype-jsr310/2.12.3/jackson-datatype-jsr310-2.12.3.jar:/Users/aevers/.m2/repository/com/fasterxml/jackson/module/jackson-module-parameter-names/2.12.3/jackson-module-parameter-names-2.12.3.jar:/Users/aevers/.m2/repository/org/springframework/boot/spring-boot-starter-tomcat/2.5.2/spring-boot-starter-tomcat-2.5.2.jar:/Users/aevers/.m2/repository/org/apache/tomcat/embed/tomcat-embed-core/9.0.48/tomcat-embed-core-9.0.48.jar:/Users/aevers/.m2/repository/org/apache/tomcat/embed/tomcat-embed-el/9.0.48/tomcat-embed-el-9.0.48.jar:/Users/aevers/.m2/repository/org/apache/tomcat/embed/tomcat-embed-websocket/9.0.48/tomcat-embed-websocket-9.0.48.jar:/Users/aevers/.m2/repository/org/springframework/spring-web/5.3.8/spring-web-5.3.8.jar:/Users/aevers/.m2/repository/org/springframework/spring-beans/5.3.8/spring-beans-5.3.8.jar:/Users/aevers/.m2/repository/org/springframework/spring-webmvc/5.3.8/spring-webmvc-5.3.8.jar:/Users/aevers/.m2/repository/org/springframework/spring-aop/5.3.8/spring-aop-5.3.8.jar:/Users/aevers/.m2/repository/org/springframework/spring-expression/5.3.8/spring-expression-5.3.8.jar:/Users/aevers/.m2/repository/org/projectlombok/lombok/1.18.20/lombok-1.18.20.jar:/Users/aevers/.m2/repository/org/springframework/boot/spring-boot-starter-test/2.5.2/spring-boot-starter-test-2.5.2.jar:/Users/aevers/.m2/repository/org/springframework/boot/spring-boot-test/2.5.2/spring-boot-test-2.5.2.jar:/Users/aevers/.m2/repository/org/springframework/boot/spring-boot-test-autoconfigure/2.5.2/spring-boot-test-autoconfigure-2.5.2.jar:/Users/aevers/.m2/repository/com/jayway/jsonpath/json-path/2.5.0/json-path-2.5.0.jar:/Users/aevers/.m2/repository/net/minidev/json-smart/2.4.7/json-smart-2.4.7.jar:/Users/aevers/.m2/repository/net/minidev/accessors-smart/2.4.7/accessors-smart-2.4.7.jar:/Users/aevers/.m2/repository/org/ow2/asm/asm/9.1/asm-9.1.jar:/Users/aevers/.m2/repository/jakarta/xml/bind/jakarta.xml.bind-api/2.3.3/jakarta.xml.bind-api-2.3.3.jar:/Users/aevers/.m2/repository/jakarta/activation/jakarta.activation-api/1.2.2/jakarta.activation-api-1.2.2.jar:/Users/aevers/.m2/repository/org/assertj/assertj-core/3.19.0/assertj-core-3.19.0.jar:/Users/aevers/.m2/repository/org/hamcrest/hamcrest/2.2/hamcrest-2.2.jar:/Users/aevers/.m2/repository/org/junit/jupiter/junit-jupiter/5.7.2/junit-jupiter-5.7.2.jar:/Users/aevers/.m2/repository/org/junit/jupiter/junit-jupiter-api/5.7.2/junit-jupiter-api-5.7.2.jar:/Users/aevers/.m2/repository/org/junit/jupiter/junit-jupiter-params/5.7.2/junit-jupiter-params-5.7.2.jar:/Users/aevers/.m2/repository/org/junit/jupiter/junit-jupiter-engine/5.7.2/junit-jupiter-engine-5.7.2.jar:/Users/aevers/.m2/repository/org/mockito/mockito-core/3.9.0/mockito-core-3.9.0.jar:/Users/aevers/.m2/repository/net/bytebuddy/byte-buddy/1.10.22/byte-buddy-1.10.22.jar:/Users/aevers/.m2/repository/net/bytebuddy/byte-buddy-agent/1.10.22/byte-buddy-agent-1.10.22.jar:/Users/aevers/.m2/repository/org/objenesis/objenesis/3.2/objenesis-3.2.jar:/Users/aevers/.m2/repository/org/mockito/mockito-junit-jupiter/3.9.0/mockito-junit-jupiter-3.9.0.jar:/Users/aevers/.m2/repository/org/skyscreamer/jsonassert/1.5.0/jsonassert-1.5.0.jar:/Users/aevers/.m2/repository/com/vaadin/external/google/android-json/0.0.20131108.vaadin1/android-json-0.0.20131108.vaadin1.jar:/Users/aevers/.m2/repository/org/springframework/spring-test/5.3.8/spring-test-5.3.8.jar:/Users/aevers/.m2/repository/org/xmlunit/xmlunit-core/2.8.2/xmlunit-core-2.8.2.jar:/Users/aevers/.m2/repository/au/com/dius/pact-jvm-consumer-junit_2.12/3.5.22/pact-jvm-consumer-junit_2.12-3.5.22.jar:/Users/aevers/.m2/repository/org/jetbrains/kotlin/kotlin-stdlib-jdk8/1.5.20/kotlin-stdlib-jdk8-1.5.20.jar:/Users/aevers/.m2/repository/org/jetbrains/kotlin/kotlin-stdlib/1.5.20/kotlin-stdlib-1.5.20.jar:/Users/aevers/.m2/repository/org/jetbrains/annotations/13.0/annotations-13.0.jar:/Users/aevers/.m2/repository/org/jetbrains/kotlin/kotlin-stdlib-common/1.5.20/kotlin-stdlib-common-1.5.20.jar:/Users/aevers/.m2/repository/org/jetbrains/kotlin/kotlin-stdlib-jdk7/1.5.20/kotlin-stdlib-jdk7-1.5.20.jar:/Users/aevers/.m2/repository/org/jetbrains/kotlin/kotlin-reflect/1.5.20/kotlin-reflect-1.5.20.jar:/Users/aevers/.m2/repository/org/slf4j/slf4j-api/1.7.31/slf4j-api-1.7.31.jar:/Users/aevers/.m2/repository/org/codehaus/groovy/groovy-all/2.4.12/groovy-all-2.4.12-indy.jar:/Users/aevers/.m2/repository/io/github/microutils/kotlin-logging/1.4.4/kotlin-logging-1.4.4.jar:/Users/aevers/.m2/repository/org/scala-lang/scala-library/2.12.5/scala-library-2.12.5.jar:/Users/aevers/.m2/repository/com/typesafe/scala-logging/scala-logging_2.12/3.7.2/scala-logging_2.12-3.7.2.jar:/Users/aevers/.m2/repository/au/com/dius/pact-jvm-consumer_2.12/3.5.22/pact-jvm-consumer_2.12-3.5.22.jar:/Users/aevers/.m2/repository/au/com/dius/pact-jvm-model/3.5.22/pact-jvm-model-3.5.22.jar:/Users/aevers/.m2/repository/au/com/dius/pact-jvm-pact-broker/3.5.22/pact-jvm-pact-broker-3.5.22.jar:/Users/aevers/.m2/repository/com/github/salomonbrys/kotson/kotson/2.5.0/kotson-2.5.0.jar:/Users/aevers/.m2/repository/com/google/code/gson/gson/2.8.7/gson-2.8.7.jar:/Users/aevers/.m2/repository/org/dmfs/rfc3986-uri/0.8/rfc3986-uri-0.8.jar:/Users/aevers/.m2/repository/org/dmfs/iterators/1.5/iterators-1.5.jar:/Users/aevers/.m2/repository/org/dmfs/optional/0.3/optional-0.3.jar:/Users/aevers/.m2/repository/com/github/zafarkhaja/java-semver/0.9.0/java-semver-0.9.0.jar:/Users/aevers/.m2/repository/com/amazonaws/aws-java-sdk-s3/1.11.30/aws-java-sdk-s3-1.11.30.jar:/Users/aevers/.m2/repository/com/amazonaws/aws-java-sdk-kms/1.11.30/aws-java-sdk-kms-1.11.30.jar:/Users/aevers/.m2/repository/com/amazonaws/aws-java-sdk-core/1.11.30/aws-java-sdk-core-1.11.30.jar:/Users/aevers/.m2/repository/com/fasterxml/jackson/dataformat/jackson-dataformat-cbor/2.12.3/jackson-dataformat-cbor-2.12.3.jar:/Users/aevers/.m2/repository/joda-time/joda-time/2.8.1/joda-time-2.8.1.jar:/Users/aevers/.m2/repository/com/amazonaws/jmespath-java/1.0/jmespath-java-1.0.jar:/Users/aevers/.m2/repository/org/apache/commons/commons-collections4/4.1/commons-collections4-4.1.jar:/Users/aevers/.m2/repository/com/github/mifmif/generex/1.0.1/generex-1.0.1.jar:/Users/aevers/.m2/repository/javax/mail/mail/1.5.0-b01/mail-1.5.0-b01.jar:/Users/aevers/.m2/repository/javax/activation/activation/1.1/activation-1.1.jar:/Users/aevers/.m2/repository/au/com/dius/pact-jvm-matchers_2.12/3.5.22/pact-jvm-matchers_2.12-3.5.22.jar:/Users/aevers/.m2/repository/io/gatling/jsonpath_2.12/0.6.9/jsonpath_2.12-0.6.9.jar:/Users/aevers/.m2/repository/org/scala-lang/modules/scala-parser-combinators_2.12/1.0.5/scala-parser-combinators_2.12-1.0.5.jar:/Users/aevers/.m2/repository/org/scala-lang/modules/scala-xml_2.12/1.0.6/scala-xml_2.12-1.0.6.jar:/Users/aevers/.m2/repository/com/googlecode/java-diff-utils/diffutils/1.3.0/diffutils-1.3.0.jar:/Users/aevers/.m2/repository/dk/brics/automaton/automaton/1.11-8/automaton-1.11-8.jar:/Users/aevers/.m2/repository/org/apache/httpcomponents/httpclient/4.5.13/httpclient-4.5.13.jar:/Users/aevers/.m2/repository/org/apache/httpcomponents/httpcore/4.4.14/httpcore-4.4.14.jar:/Users/aevers/.m2/repository/commons-codec/commons-codec/1.15/commons-codec-1.15.jar:/Users/aevers/.m2/repository/io/netty/netty-handler/4.1.65.Final/netty-handler-4.1.65.Final.jar:/Users/aevers/.m2/repository/io/netty/netty-common/4.1.65.Final/netty-common-4.1.65.Final.jar:/Users/aevers/.m2/repository/io/netty/netty-resolver/4.1.65.Final/netty-resolver-4.1.65.Final.jar:/Users/aevers/.m2/repository/io/netty/netty-buffer/4.1.65.Final/netty-buffer-4.1.65.Final.jar:/Users/aevers/.m2/repository/io/netty/netty-transport/4.1.65.Final/netty-transport-4.1.65.Final.jar:/Users/aevers/.m2/repository/io/netty/netty-codec/4.1.65.Final/netty-codec-4.1.65.Final.jar:/Users/aevers/.m2/repository/org/apache/httpcomponents/httpmime/4.5.13/httpmime-4.5.13.jar:/Users/aevers/.m2/repository/ws/unfiltered/unfiltered-netty-server_2.12/0.9.1/unfiltered-netty-server_2.12-0.9.1.jar:/Users/aevers/.m2/repository/ws/unfiltered/unfiltered-netty_2.12/0.9.1/unfiltered-netty_2.12-0.9.1.jar:/Users/aevers/.m2/repository/ws/unfiltered/unfiltered_2.12/0.9.1/unfiltered_2.12-0.9.1.jar:/Users/aevers/.m2/repository/io/netty/netty-codec-http/4.1.65.Final/netty-codec-http-4.1.65.Final.jar:/Users/aevers/.m2/repository/ws/unfiltered/unfiltered-util_2.12/0.9.1/unfiltered-util_2.12-0.9.1.jar:/Users/aevers/.m2/repository/org/apache/httpcomponents/fluent-hc/4.5.13/fluent-hc-4.5.13.jar:/Users/aevers/.m2/repository/commons-logging/commons-logging/1.2/commons-logging-1.2.jar:/Users/aevers/.m2/repository/org/scala-lang/modules/scala-java8-compat_2.12/0.8.0/scala-java8-compat_2.12-0.8.0.jar:/Users/aevers/.m2/repository/junit/junit/4.13.2/junit-4.13.2.jar:/Users/aevers/.m2/repository/org/hamcrest/hamcrest-core/2.2/hamcrest-core-2.2.jar:/Users/aevers/.m2/repository/org/json/json/20160212/json-20160212.jar:/Users/aevers/.m2/repository/org/apache/commons/commons-lang3/3.12.0/commons-lang3-3.12.0.jar:/Users/aevers/.m2/repository/com/google/guava/guava/18.0/guava-18.0.jar:/Users/aevers/.m2/repository/org/junit/vintage/junit-vintage-engine/5.7.2/junit-vintage-engine-5.7.2.jar:/Users/aevers/.m2/repository/org/apiguardian/apiguardian-api/1.1.0/apiguardian-api-1.1.0.jar:/Users/aevers/.m2/repository/org/junit/platform/junit-platform-engine/1.7.2/junit-platform-engine-1.7.2.jar:/Users/aevers/.m2/repository/org/opentest4j/opentest4j/1.2.0/opentest4j-1.2.0.jar:/Users/aevers/.m2/repository/org/junit/platform/junit-platform-commons/1.7.2/junit-platform-commons-1.7.2.jar:"/>
    <property name="sun.cpu.endian" value="little"/>
    <property name="user.home" value="/Users/aevers"/>
    <property name="user.language" value="en"/>
    <property name="java.specification.vendor" value="Oracle Corporation"/>
    <property name="java.version.date" value="2019-04-16"/>
    <property name="java.home" value="/Library/Java/JavaVirtualMachines/openjdk-12.0.1.jdk/Contents/Home"/>
    <property name="file.separator" value="/"/>
    <property name="basedir" value="/Users/aevers/repos/pact-demo-1/pact-consumer"/>
    <property name="java.vm.compressedOopsMode" value="Zero based"/>
    <property name="line.separator" value="&#10;"/>
    <property name="java.vm.specification.vendor" value="Oracle Corporation"/>
    <property name="java.specification.name" value="Java Platform API Specification"/>
    <property name="java.awt.graphicsenv" value="sun.awt.CGraphicsEnvironment"/>
    <property name="surefire.real.class.path" value="/Users/aevers/repos/pact-demo-1/pact-consumer/target/surefire/surefirebooter4124551947300213836.jar"/>
    <property name="sun.management.compiler" value="HotSpot 64-Bit Tiered Compilers"/>
    <property name="java.runtime.version" value="12.0.1+12"/>
    <property name="user.name" value="aevers"/>
    <property name="path.separator" value=":"/>
    <property name="os.version" value="10.16"/>
    <property name="java.runtime.name" value="OpenJDK Runtime Environment"/>
    <property name="file.encoding" value="UTF-8"/>
    <property name="java.vm.name" value="OpenJDK 64-Bit Server VM"/>
    <property name="localRepository" value="/Users/aevers/.m2/repository"/>
    <property name="java.vendor.url.bug" value="https://bugreport.java.com/bugreport/"/>
    <property name="java.io.tmpdir" value="/var/folders/jd/_07w35y513703twcn82zg6340000gp/T/"/>
    <property name="java.version" value="12.0.1"/>
    <property name="user.dir" value="/Users/aevers/repos/pact-demo-1/pact-consumer"/>
    <property name="os.arch" value="x86_64"/>
    <property name="java.vm.specification.name" value="Java Virtual Machine Specification"/>
    <property name="java.library.path" value="/Users/aevers/Library/Java/Extensions:/Library/Java/Extensions:/Network/Library/Java/Extensions:/System/Library/Java/Extensions:/usr/lib/java:."/>
    <property name="java.vm.info" value="mixed mode, sharing"/>
    <property name="java.vendor" value="Oracle Corporation"/>
    <property name="java.vm.version" value="12.0.1+12"/>
    <property name="sun.io.unicode.encoding" value="UnicodeBig"/>
    <property name="java.class.version" value="56.0"/>
  </properties>
  <testcase name="listAnimals_returnsAnimals" classname="com.example.pactconsumer.ZooApiClientTest" time="2.41"/>
</testsuite>